<?xml version="1.0" encoding="UTF-8"?>
<!-- Generated by org.testng.reporters.JUnitReportReporter -->
<testsuite hostname="POLAKOLA1" name="com.riamoney.MavenRiaMOney.CHeckPrices" tests="1" failures="0" timestamp="25 Jun 2016 12:44:27 GMT" time="2.224" errors="0">
  <testcase name="CheckPriceMethod" time="2.224" classname="com.riamoney.MavenRiaMOney.CHeckPrices"/>
</testsuite> <!-- com.riamoney.MavenRiaMOney.CHeckPrices -->
